<?xml version="1.0" encoding="UTF-8"?>
<!-- Generated by org.testng.reporters.JUnitReportReporter -->
<testsuite hostname="CAhead" failures="0" tests="1" name="RestAssuredApiTest" time="6.302" errors="0" timestamp="2023-09-22T20:16:46 SAST" skipped="0">
  <testcase classname="RestAssuredApiTest" name="TestApi" time="6.302"/>
  <system-out/>
</testsuite> <!-- RestAssuredApiTest -->
